{
  "stats": {
    "suites": 22,
    "tests": 62,
    "passes": 58,
    "pending": 0,
    "failures": 4,
    "start": "2022-06-09T00:23:38.190Z",
    "end": "2022-06-09T00:24:49.695Z",
    "duration": 71505,
    "testsRegistered": 69,
    "passPercent": 84.05797101449275,
    "pendingPercent": 0,
    "other": 0,
    "hasOther": false,
    "skipped": 7,
    "hasSkipped": true
  },
  "results": [
    {
      "uuid": "0f923940-b0f9-4b57-b647-801569261ffa",
      "title": "",
      "fullFile": "cypress/integration/project.spec.js",
      "file": "cypress/integration/project.spec.js",
      "beforeHooks": [],
      "afterHooks": [],
      "tests": [],
      "suites": [
        {
          "uuid": "a098ccc3-7749-4c05-9a74-d352c0ff2790",
          "title": "Trybewarts",
          "fullFile": "",
          "file": "",
          "beforeHooks": [],
          "afterHooks": [],
          "tests": [],
          "suites": [
            {
              "uuid": "9c2b4e5d-e577-4727-a49f-14501398040c",
              "title": "1 - Crie uma barra verde na parte superior da página",
              "fullFile": "",
              "file": "",
              "beforeHooks": [],
              "afterHooks": [],
              "tests": [
                {
                  "title": "A barra possui a classe `header`",
                  "fullTitle": "Trybewarts 1 - Crie uma barra verde na parte superior da página A barra possui a classe `header`",
                  "timedOut": null,
                  "duration": 590,
                  "state": "passed",
                  "speed": "fast",
                  "pass": true,
                  "fail": false,
                  "pending": false,
                  "context": null,
                  "code": "cy.get(TOP_BAR_SELECTOR).should('exist');",
                  "err": {},
                  "uuid": "28400371-54b4-4d4b-bc5c-9253efef5495",
                  "parentUUID": "9c2b4e5d-e577-4727-a49f-14501398040c",
                  "isHook": false,
                  "skipped": false
                },
                {
                  "title": "A classe `header` deve determinar que o elemento é um flex container",
                  "fullTitle": "Trybewarts 1 - Crie uma barra verde na parte superior da página A classe `header` deve determinar que o elemento é um flex container",
                  "timedOut": null,
                  "duration": 229,
                  "state": "passed",
                  "speed": "fast",
                  "pass": true,
                  "fail": false,
                  "pending": false,
                  "context": null,
                  "code": "cy.get(TOP_BAR_SELECTOR).should('have.css', 'display', 'flex');",
                  "err": {},
                  "uuid": "a058e352-a4a8-4051-90cb-b77c36927c03",
                  "parentUUID": "9c2b4e5d-e577-4727-a49f-14501398040c",
                  "isHook": false,
                  "skipped": false
                },
                {
                  "title": "A classe header deve possuir a propriedade `background-color: rgb(50, 167, 145)`",
                  "fullTitle": "Trybewarts 1 - Crie uma barra verde na parte superior da página A classe header deve possuir a propriedade `background-color: rgb(50, 167, 145)`",
                  "timedOut": null,
                  "duration": 210,
                  "state": "passed",
                  "speed": "fast",
                  "pass": true,
                  "fail": false,
                  "pending": false,
                  "context": null,
                  "code": "cy.get(TOP_BAR_SELECTOR).should('have.css', 'background-color', 'rgb(50, 167, 145)');",
                  "err": {},
                  "uuid": "a7e07f5c-65d1-4625-a7a9-8621a5a404fe",
                  "parentUUID": "9c2b4e5d-e577-4727-a49f-14501398040c",
                  "isHook": false,
                  "skipped": false
                }
              ],
              "suites": [],
              "passes": [
                "28400371-54b4-4d4b-bc5c-9253efef5495",
                "a058e352-a4a8-4051-90cb-b77c36927c03",
                "a7e07f5c-65d1-4625-a7a9-8621a5a404fe"
              ],
              "failures": [],
              "pending": [],
              "skipped": [],
              "duration": 1029,
              "root": false,
              "rootEmpty": false,
              "_timeout": 2000
            },
            {
              "uuid": "7ac8a1f0-e7d8-4815-b7bb-61737c702b4c",
              "title": "2 - Adicione o logotipo da Trybewarts com a classe `trybewarts-header-logo` na barra superior",
              "fullFile": "",
              "file": "",
              "beforeHooks": [],
              "afterHooks": [],
              "tests": [
                {
                  "title": "Existe um elemento img com a classe `trybewarts-header-logo`",
                  "fullTitle": "Trybewarts 2 - Adicione o logotipo da Trybewarts com a classe `trybewarts-header-logo` na barra superior Existe um elemento img com a classe `trybewarts-header-logo`",
                  "timedOut": null,
                  "duration": 313,
                  "state": "passed",
                  "speed": "fast",
                  "pass": true,
                  "fail": false,
                  "pending": false,
                  "context": null,
                  "code": "cy.get(TRYBEWARTS_LOGO_SELECTOR).should('exist');",
                  "err": {},
                  "uuid": "e694cb11-4d8a-403e-8e16-f8781ffe9cd9",
                  "parentUUID": "7ac8a1f0-e7d8-4815-b7bb-61737c702b4c",
                  "isHook": false,
                  "skipped": false
                },
                {
                  "title": "O atributo src do logotipo aponta para images/trybewarts-header-logo.svg",
                  "fullTitle": "Trybewarts 2 - Adicione o logotipo da Trybewarts com a classe `trybewarts-header-logo` na barra superior O atributo src do logotipo aponta para images/trybewarts-header-logo.svg",
                  "timedOut": null,
                  "duration": 300,
                  "state": "passed",
                  "speed": "fast",
                  "pass": true,
                  "fail": false,
                  "pending": false,
                  "context": null,
                  "code": "cy.get(TRYBEWARTS_LOGO_SELECTOR).should('have.attr', 'src').and('match', /images\\/trybewarts-header-logo\\.svg/);",
                  "err": {},
                  "uuid": "7e632f06-871c-4245-9836-06de16414251",
                  "parentUUID": "7ac8a1f0-e7d8-4815-b7bb-61737c702b4c",
                  "isHook": false,
                  "skipped": false
                }
              ],
              "suites": [],
              "passes": [
                "e694cb11-4d8a-403e-8e16-f8781ffe9cd9",
                "7e632f06-871c-4245-9836-06de16414251"
              ],
              "failures": [],
              "pending": [],
              "skipped": [],
              "duration": 613,
              "root": false,
              "rootEmpty": false,
              "_timeout": 2000
            },
            {
              "uuid": "4535d0ba-dcae-4a5e-abf5-c98f841fcf65",
              "title": "3 - Acrescente um formulário de login no canto direito da barra superior contendo os inputs de email, senha e um botão de login",
              "fullFile": "",
              "file": "",
              "beforeHooks": [],
              "afterHooks": [],
              "tests": [
                {
                  "title": "Existe um formulário com a classe \"trybewarts-login\"",
                  "fullTitle": "Trybewarts 3 - Acrescente um formulário de login no canto direito da barra superior contendo os inputs de email, senha e um botão de login Existe um formulário com a classe \"trybewarts-login\"",
                  "timedOut": null,
                  "duration": 288,
                  "state": "passed",
                  "speed": "fast",
                  "pass": true,
                  "fail": false,
                  "pending": false,
                  "context": null,
                  "code": "cy.get(TRYBEWARTS_LOGIN_FORM_SELECTOR).should('exist');",
                  "err": {},
                  "uuid": "c3c5b618-b5ad-4558-8410-5702c0a8d8fc",
                  "parentUUID": "4535d0ba-dcae-4a5e-abf5-c98f841fcf65",
                  "isHook": false,
                  "skipped": false
                },
                {
                  "title": "Existe um input com o atributo name igual a \"email\" e o placeholder igual a \"Email\"",
                  "fullTitle": "Trybewarts 3 - Acrescente um formulário de login no canto direito da barra superior contendo os inputs de email, senha e um botão de login Existe um input com o atributo name igual a \"email\" e o placeholder igual a \"Email\"",
                  "timedOut": null,
                  "duration": 218,
                  "state": "passed",
                  "speed": "fast",
                  "pass": true,
                  "fail": false,
                  "pending": false,
                  "context": null,
                  "code": "cy.get(`${TRYBEWARTS_LOGIN_FORM_SELECTOR} input[name=email]`).should('have.attr', 'placeholder').and('match', /Email/);",
                  "err": {},
                  "uuid": "02f4a1cd-bb41-4454-9b65-774117f86a40",
                  "parentUUID": "4535d0ba-dcae-4a5e-abf5-c98f841fcf65",
                  "isHook": false,
                  "skipped": false
                },
                {
                  "title": "Existe um input com o atributo name igual a \"password\" e o placeholder igual a \"Senha\"",
                  "fullTitle": "Trybewarts 3 - Acrescente um formulário de login no canto direito da barra superior contendo os inputs de email, senha e um botão de login Existe um input com o atributo name igual a \"password\" e o placeholder igual a \"Senha\"",
                  "timedOut": null,
                  "duration": 230,
                  "state": "passed",
                  "speed": "fast",
                  "pass": true,
                  "fail": false,
                  "pending": false,
                  "context": null,
                  "code": "cy.get(`${TRYBEWARTS_LOGIN_FORM_SELECTOR} input[name=password]`).should('have.attr', 'placeholder').and('match', /Senha/);",
                  "err": {},
                  "uuid": "50d5783b-6185-4c6f-9e0e-3f326e821fe2",
                  "parentUUID": "4535d0ba-dcae-4a5e-abf5-c98f841fcf65",
                  "isHook": false,
                  "skipped": false
                },
                {
                  "title": "Existe um botão que contém o texto \"Entrar\"",
                  "fullTitle": "Trybewarts 3 - Acrescente um formulário de login no canto direito da barra superior contendo os inputs de email, senha e um botão de login Existe um botão que contém o texto \"Entrar\"",
                  "timedOut": null,
                  "duration": 211,
                  "state": "passed",
                  "speed": "fast",
                  "pass": true,
                  "fail": false,
                  "pending": false,
                  "context": null,
                  "code": "cy.get(`${TRYBEWARTS_LOGIN_FORM_SELECTOR} button`).should('have.text', 'Entrar');",
                  "err": {},
                  "uuid": "aed43971-f19c-4ae1-954f-478fac225cb5",
                  "parentUUID": "4535d0ba-dcae-4a5e-abf5-c98f841fcf65",
                  "isHook": false,
                  "skipped": false
                },
                {
                  "title": "O formulário é um flex container",
                  "fullTitle": "Trybewarts 3 - Acrescente um formulário de login no canto direito da barra superior contendo os inputs de email, senha e um botão de login O formulário é um flex container",
                  "timedOut": null,
                  "duration": 204,
                  "state": "passed",
                  "speed": "fast",
                  "pass": true,
                  "fail": false,
                  "pending": false,
                  "context": null,
                  "code": "cy.get(TRYBEWARTS_LOGIN_FORM_SELECTOR).should('have.css', 'display', 'flex');",
                  "err": {},
                  "uuid": "ad50a31b-0dfd-415c-be8e-d5e9a9727712",
                  "parentUUID": "4535d0ba-dcae-4a5e-abf5-c98f841fcf65",
                  "isHook": false,
                  "skipped": false
                },
                {
                  "title": "O formulário deve estar a direita da logo",
                  "fullTitle": "Trybewarts 3 - Acrescente um formulário de login no canto direito da barra superior contendo os inputs de email, senha e um botão de login O formulário deve estar a direita da logo",
                  "timedOut": null,
                  "duration": 231,
                  "state": "passed",
                  "speed": "fast",
                  "pass": true,
                  "fail": false,
                  "pending": false,
                  "context": null,
                  "code": "cy.get(TRYBEWARTS_LOGIN_FORM_SELECTOR).should('be.rightOf', TRYBEWARTS_LOGO_SELECTOR);",
                  "err": {},
                  "uuid": "6215aec6-3750-47f4-bab5-728a708c2620",
                  "parentUUID": "4535d0ba-dcae-4a5e-abf5-c98f841fcf65",
                  "isHook": false,
                  "skipped": false
                },
                {
                  "title": "Ao clicar no botão com login ou senha válidos, emite um alerta contendo o texto \"Olá, Tryber!\"",
                  "fullTitle": "Trybewarts 3 - Acrescente um formulário de login no canto direito da barra superior contendo os inputs de email, senha e um botão de login Ao clicar no botão com login ou senha válidos, emite um alerta contendo o texto \"Olá, Tryber!\"",
                  "timedOut": null,
                  "duration": 1405,
                  "state": "passed",
                  "speed": "fast",
                  "pass": true,
                  "fail": false,
                  "pending": false,
                  "context": null,
                  "code": "const stub = cy.stub();\ncy.on('window:alert', stub);\ncy.get(`${TRYBEWARTS_LOGIN_FORM_SELECTOR} input[name=email]`).type('tryber@teste.com');\ncy.get(`${TRYBEWARTS_LOGIN_FORM_SELECTOR} input[name=password]`).type('123456');\ncy.get(`${TRYBEWARTS_LOGIN_FORM_SELECTOR} button`).click().then(() => {\n  expect(stub.getCall(0)).to.be.calledWith('Olá, Tryber!');\n});",
                  "err": {},
                  "uuid": "32bf97fd-a5d5-47fd-b430-6611f423b779",
                  "parentUUID": "4535d0ba-dcae-4a5e-abf5-c98f841fcf65",
                  "isHook": false,
                  "skipped": false
                },
                {
                  "title": "Ao clicar no botão com email ou senha inválidos, emite um alerta contendo o texto \"Email ou senha inválidos.\"",
                  "fullTitle": "Trybewarts 3 - Acrescente um formulário de login no canto direito da barra superior contendo os inputs de email, senha e um botão de login Ao clicar no botão com email ou senha inválidos, emite um alerta contendo o texto \"Email ou senha inválidos.\"",
                  "timedOut": null,
                  "duration": 374,
                  "state": "passed",
                  "speed": "fast",
                  "pass": true,
                  "fail": false,
                  "pending": false,
                  "context": null,
                  "code": "const stub = cy.stub();\ncy.on('window:alert', stub);\ncy.get(`${TRYBEWARTS_LOGIN_FORM_SELECTOR} button`).click().then(() => {\n  expect(stub.getCall(0)).to.be.calledWith('Email ou senha inválidos.');\n});",
                  "err": {},
                  "uuid": "ce531370-40ac-4e9d-befb-f3e735080d6d",
                  "parentUUID": "4535d0ba-dcae-4a5e-abf5-c98f841fcf65",
                  "isHook": false,
                  "skipped": false
                }
              ],
              "suites": [],
              "passes": [
                "c3c5b618-b5ad-4558-8410-5702c0a8d8fc",
                "02f4a1cd-bb41-4454-9b65-774117f86a40",
                "50d5783b-6185-4c6f-9e0e-3f326e821fe2",
                "aed43971-f19c-4ae1-954f-478fac225cb5",
                "ad50a31b-0dfd-415c-be8e-d5e9a9727712",
                "6215aec6-3750-47f4-bab5-728a708c2620",
                "32bf97fd-a5d5-47fd-b430-6611f423b779",
                "ce531370-40ac-4e9d-befb-f3e735080d6d"
              ],
              "failures": [],
              "pending": [],
              "skipped": [],
              "duration": 3161,
              "root": false,
              "rootEmpty": false,
              "_timeout": 2000
            },
            {
              "uuid": "b9fec034-4e1b-4b6b-a28a-01b171ae8482",
              "title": "4 - Crie um título com o texto `Trybewarts` centralizado dentro do `Header`",
              "fullFile": "",
              "file": "",
              "beforeHooks": [],
              "afterHooks": [],
              "tests": [
                {
                  "title": "Existe um elemento h1 com o id \"trybewarts-header-title\" e texto \"Trybewarts",
                  "fullTitle": "Trybewarts 4 - Crie um título com o texto `Trybewarts` centralizado dentro do `Header` Existe um elemento h1 com o id \"trybewarts-header-title\" e texto \"Trybewarts",
                  "timedOut": null,
                  "duration": 333,
                  "state": "passed",
                  "speed": "fast",
                  "pass": true,
                  "fail": false,
                  "pending": false,
                  "context": null,
                  "code": "cy.get(TRYBEWARTS_HEADER_TITLE).should('exist').and('have.text', 'Trybewarts');",
                  "err": {},
                  "uuid": "2feda58d-a704-41b4-a1a0-109a68159d30",
                  "parentUUID": "b9fec034-4e1b-4b6b-a28a-01b171ae8482",
                  "isHook": false,
                  "skipped": false
                },
                {
                  "title": "O header deve ter exatamente três elementos filhos",
                  "fullTitle": "Trybewarts 4 - Crie um título com o texto `Trybewarts` centralizado dentro do `Header` O header deve ter exatamente três elementos filhos",
                  "timedOut": null,
                  "duration": 273,
                  "state": "passed",
                  "speed": "fast",
                  "pass": true,
                  "fail": false,
                  "pending": false,
                  "context": null,
                  "code": "cy.get(TOP_BAR_SELECTOR).children().should('have.length', 3);",
                  "err": {},
                  "uuid": "f04b22a9-b8b4-4248-af8d-238fb5296b41",
                  "parentUUID": "b9fec034-4e1b-4b6b-a28a-01b171ae8482",
                  "isHook": false,
                  "skipped": false
                },
                {
                  "title": "O filho do meio deve ser o título",
                  "fullTitle": "Trybewarts 4 - Crie um título com o texto `Trybewarts` centralizado dentro do `Header` O filho do meio deve ser o título",
                  "timedOut": null,
                  "duration": 345,
                  "state": "passed",
                  "speed": "fast",
                  "pass": true,
                  "fail": false,
                  "pending": false,
                  "context": null,
                  "code": "cy.get(TOP_BAR_SELECTOR).children().eq(1).should('match', TRYBEWARTS_HEADER_TITLE);",
                  "err": {},
                  "uuid": "75f8fb6e-a8cc-4fa9-8387-33c13368c8a8",
                  "parentUUID": "b9fec034-4e1b-4b6b-a28a-01b171ae8482",
                  "isHook": false,
                  "skipped": false
                }
              ],
              "suites": [],
              "passes": [
                "2feda58d-a704-41b4-a1a0-109a68159d30",
                "f04b22a9-b8b4-4248-af8d-238fb5296b41",
                "75f8fb6e-a8cc-4fa9-8387-33c13368c8a8"
              ],
              "failures": [],
              "pending": [],
              "skipped": [],
              "duration": 951,
              "root": false,
              "rootEmpty": false,
              "_timeout": 2000
            },
            {
              "uuid": "9ac857f6-a8cc-4362-b6dc-950f0ee15856",
              "title": "5 - Adicione um formulário no corpo da página",
              "fullFile": "",
              "file": "",
              "beforeHooks": [],
              "afterHooks": [],
              "tests": [
                {
                  "title": "Existe um formulário com o id `evaluation-form`",
                  "fullTitle": "Trybewarts 5 - Adicione um formulário no corpo da página Existe um formulário com o id `evaluation-form`",
                  "timedOut": null,
                  "duration": 291,
                  "state": "passed",
                  "speed": "fast",
                  "pass": true,
                  "fail": false,
                  "pending": false,
                  "context": null,
                  "code": "cy.get(EVALUATION_FORM).should('exist');",
                  "err": {},
                  "uuid": "a99c33ec-3245-4b1f-a213-0dc0764f9daf",
                  "parentUUID": "9ac857f6-a8cc-4362-b6dc-950f0ee15856",
                  "isHook": false,
                  "skipped": false
                },
                {
                  "title": "O formulário está inserido dentro de uma tag `main`",
                  "fullTitle": "Trybewarts 5 - Adicione um formulário no corpo da página O formulário está inserido dentro de uma tag `main`",
                  "timedOut": null,
                  "duration": 352,
                  "state": "passed",
                  "speed": "fast",
                  "pass": true,
                  "fail": false,
                  "pending": false,
                  "context": null,
                  "code": "cy.get(`main ${EVALUATION_FORM}`).should('exist');",
                  "err": {},
                  "uuid": "c247b9d7-6bc8-4b23-ae95-3b279317eb0b",
                  "parentUUID": "9ac857f6-a8cc-4362-b6dc-950f0ee15856",
                  "isHook": false,
                  "skipped": false
                },
                {
                  "title": "O elemento main é um flex-container",
                  "fullTitle": "Trybewarts 5 - Adicione um formulário no corpo da página O elemento main é um flex-container",
                  "timedOut": null,
                  "duration": 217,
                  "state": "passed",
                  "speed": "fast",
                  "pass": true,
                  "fail": false,
                  "pending": false,
                  "context": null,
                  "code": "cy.get('main').should('have.css', 'display', 'flex');",
                  "err": {},
                  "uuid": "028712a4-d901-4f99-86ac-1bb19b79cea0",
                  "parentUUID": "9ac857f6-a8cc-4362-b6dc-950f0ee15856",
                  "isHook": false,
                  "skipped": false
                },
                {
                  "title": "O formulário é um flex-container",
                  "fullTitle": "Trybewarts 5 - Adicione um formulário no corpo da página O formulário é um flex-container",
                  "timedOut": null,
                  "duration": 352,
                  "state": "passed",
                  "speed": "fast",
                  "pass": true,
                  "fail": false,
                  "pending": false,
                  "context": null,
                  "code": "cy.get(EVALUATION_FORM).should('have.css', 'display', 'flex');",
                  "err": {},
                  "uuid": "0b15cf19-b885-46ce-8898-515141e710c8",
                  "parentUUID": "9ac857f6-a8cc-4362-b6dc-950f0ee15856",
                  "isHook": false,
                  "skipped": false
                },
                {
                  "title": "O formulário tem a largura igual a 675px",
                  "fullTitle": "Trybewarts 5 - Adicione um formulário no corpo da página O formulário tem a largura igual a 675px",
                  "timedOut": null,
                  "duration": 291,
                  "state": "passed",
                  "speed": "fast",
                  "pass": true,
                  "fail": false,
                  "pending": false,
                  "context": null,
                  "code": "cy.get(EVALUATION_FORM).should('have.css', 'width', '675px');",
                  "err": {},
                  "uuid": "6324b386-0a64-494c-9a14-87efa94acfe5",
                  "parentUUID": "9ac857f6-a8cc-4362-b6dc-950f0ee15856",
                  "isHook": false,
                  "skipped": false
                }
              ],
              "suites": [],
              "passes": [
                "a99c33ec-3245-4b1f-a213-0dc0764f9daf",
                "c247b9d7-6bc8-4b23-ae95-3b279317eb0b",
                "028712a4-d901-4f99-86ac-1bb19b79cea0",
                "0b15cf19-b885-46ce-8898-515141e710c8",
                "6324b386-0a64-494c-9a14-87efa94acfe5"
              ],
              "failures": [],
              "pending": [],
              "skipped": [],
              "duration": 1503,
              "root": false,
              "rootEmpty": false,
              "_timeout": 2000
            },
            {
              "uuid": "179f2138-4118-4695-9794-0ec807281d2d",
              "title": "6 - Faça com que o eixo principal do formulário seja vertical",
              "fullFile": "",
              "file": "",
              "beforeHooks": [],
              "afterHooks": [],
              "tests": [
                {
                  "title": "O eixo principal do formulário com id \"evaluation-form\" é vertical",
                  "fullTitle": "Trybewarts 6 - Faça com que o eixo principal do formulário seja vertical O eixo principal do formulário com id \"evaluation-form\" é vertical",
                  "timedOut": null,
                  "duration": 267,
                  "state": "passed",
                  "speed": "fast",
                  "pass": true,
                  "fail": false,
                  "pending": false,
                  "context": null,
                  "code": "cy.get(EVALUATION_FORM).should('have.css', 'flex-direction', 'column');",
                  "err": {},
                  "uuid": "74224479-598d-47d1-ab2e-47df93f47301",
                  "parentUUID": "179f2138-4118-4695-9794-0ec807281d2d",
                  "isHook": false,
                  "skipped": false
                }
              ],
              "suites": [],
              "passes": [
                "74224479-598d-47d1-ab2e-47df93f47301"
              ],
              "failures": [],
              "pending": [],
              "skipped": [],
              "duration": 267,
              "root": false,
              "rootEmpty": false,
              "_timeout": 2000
            },
            {
              "uuid": "2eeb752c-d879-4267-bdfb-575d8fb2a3ab",
              "title": "7 - Adicione a logo da Trybewarts no lado direito da página",
              "fullFile": "",
              "file": "",
              "beforeHooks": [],
              "afterHooks": [],
              "tests": [
                {
                  "title": "Possui o id trybewarts-forms-logo",
                  "fullTitle": "Trybewarts 7 - Adicione a logo da Trybewarts no lado direito da página Possui o id trybewarts-forms-logo",
                  "timedOut": null,
                  "duration": 308,
                  "state": "passed",
                  "speed": "fast",
                  "pass": true,
                  "fail": false,
                  "pending": false,
                  "context": null,
                  "code": "cy.get(TRYBEWARTS_LOGO_FORMS_SELECTOR).should('exist');",
                  "err": {},
                  "uuid": "0375a55c-5ced-4cb5-aaea-c19101fc875d",
                  "parentUUID": "2eeb752c-d879-4267-bdfb-575d8fb2a3ab",
                  "isHook": false,
                  "skipped": false
                },
                {
                  "title": "O atributo `src` do logotipo aponta para `images/trybewarts-colored.svg`",
                  "fullTitle": "Trybewarts 7 - Adicione a logo da Trybewarts no lado direito da página O atributo `src` do logotipo aponta para `images/trybewarts-colored.svg`",
                  "timedOut": null,
                  "duration": 257,
                  "state": "passed",
                  "speed": "fast",
                  "pass": true,
                  "fail": false,
                  "pending": false,
                  "context": null,
                  "code": "cy.get(TRYBEWARTS_LOGO_FORMS_SELECTOR).should('have.attr', 'src').and('match', /images\\/trybewarts-colored\\.svg/);",
                  "err": {},
                  "uuid": "a13b219f-500e-4986-9797-b03cc580aef2",
                  "parentUUID": "2eeb752c-d879-4267-bdfb-575d8fb2a3ab",
                  "isHook": false,
                  "skipped": false
                },
                {
                  "title": "A imagem deve possuir um `height` de `500px`",
                  "fullTitle": "Trybewarts 7 - Adicione a logo da Trybewarts no lado direito da página A imagem deve possuir um `height` de `500px`",
                  "timedOut": null,
                  "duration": 249,
                  "state": "passed",
                  "speed": "fast",
                  "pass": true,
                  "fail": false,
                  "pending": false,
                  "context": null,
                  "code": "cy.get(TRYBEWARTS_LOGO_FORMS_SELECTOR).should('have.css', 'height', '500px');",
                  "err": {},
                  "uuid": "4b28e3da-a712-4a6e-8910-63693af6b4df",
                  "parentUUID": "2eeb752c-d879-4267-bdfb-575d8fb2a3ab",
                  "isHook": false,
                  "skipped": false
                },
                {
                  "title": "A imagem deve estar posicionada a direita do formulário com id `evaluation-form`",
                  "fullTitle": "Trybewarts 7 - Adicione a logo da Trybewarts no lado direito da página A imagem deve estar posicionada a direita do formulário com id `evaluation-form`",
                  "timedOut": null,
                  "duration": 10220,
                  "state": "failed",
                  "speed": null,
                  "pass": false,
                  "fail": true,
                  "pending": false,
                  "context": null,
                  "code": "cy.get(TRYBEWARTS_LOGO_FORMS_SELECTOR).should('be.rightOf', EVALUATION_FORM);",
                  "err": {
                    "message": "AssertionError: Timed out retrying after 10000ms: expected '<img#trybewarts-forms-logo>' to be right of form#evaluation-form",
                    "estack": "AssertionError: Timed out retrying after 10000ms: expected '<img#trybewarts-forms-logo>' to be right of form#evaluation-form\n    at Context.eval (http://localhost:40701/__cypress/tests?p=cypress/integration/project.spec.js:222:46)",
                    "diff": null
                  },
                  "uuid": "a86a7298-ca0a-4dbc-8b5e-fe68abddf7e8",
                  "parentUUID": "2eeb752c-d879-4267-bdfb-575d8fb2a3ab",
                  "isHook": false,
                  "skipped": false
                }
              ],
              "suites": [],
              "passes": [
                "0375a55c-5ced-4cb5-aaea-c19101fc875d",
                "a13b219f-500e-4986-9797-b03cc580aef2",
                "4b28e3da-a712-4a6e-8910-63693af6b4df"
              ],
              "failures": [
                "a86a7298-ca0a-4dbc-8b5e-fe68abddf7e8"
              ],
              "pending": [],
              "skipped": [],
              "duration": 11034,
              "root": false,
              "rootEmpty": false,
              "_timeout": 2000
            },
            {
              "uuid": "84ba9bff-c2df-4118-bfe2-dbc77d26e5f6",
              "title": "8 - Acrescente ao formulário com id `evaluation-form` os inputs de `nome, sobrenome e email`",
              "fullFile": "",
              "file": "",
              "beforeHooks": [],
              "afterHooks": [],
              "tests": [
                {
                  "title": "Existe um input com o id \"input-name\" e placeholder \"Nome\"",
                  "fullTitle": "Trybewarts 8 - Acrescente ao formulário com id `evaluation-form` os inputs de `nome, sobrenome e email` Existe um input com o id \"input-name\" e placeholder \"Nome\"",
                  "timedOut": null,
                  "duration": 294,
                  "state": "passed",
                  "speed": "fast",
                  "pass": true,
                  "fail": false,
                  "pending": false,
                  "context": null,
                  "code": "cy.get(`input#${id}`).should('exist').and('have.attr', 'placeholder', placeholder);",
                  "err": {},
                  "uuid": "943e5d5a-7711-4bd9-987b-2c540bd5c897",
                  "parentUUID": "84ba9bff-c2df-4118-bfe2-dbc77d26e5f6",
                  "isHook": false,
                  "skipped": false
                },
                {
                  "title": "Existe um input com o id \"input-lastname\" e placeholder \"Sobrenome\"",
                  "fullTitle": "Trybewarts 8 - Acrescente ao formulário com id `evaluation-form` os inputs de `nome, sobrenome e email` Existe um input com o id \"input-lastname\" e placeholder \"Sobrenome\"",
                  "timedOut": null,
                  "duration": 245,
                  "state": "passed",
                  "speed": "fast",
                  "pass": true,
                  "fail": false,
                  "pending": false,
                  "context": null,
                  "code": "cy.get(`input#${id}`).should('exist').and('have.attr', 'placeholder', placeholder);",
                  "err": {},
                  "uuid": "12359132-fe0f-4cec-9ff7-2833680b05b7",
                  "parentUUID": "84ba9bff-c2df-4118-bfe2-dbc77d26e5f6",
                  "isHook": false,
                  "skipped": false
                },
                {
                  "title": "Existe um input com o id \"input-email\" e placeholder \"Email\"",
                  "fullTitle": "Trybewarts 8 - Acrescente ao formulário com id `evaluation-form` os inputs de `nome, sobrenome e email` Existe um input com o id \"input-email\" e placeholder \"Email\"",
                  "timedOut": null,
                  "duration": 222,
                  "state": "passed",
                  "speed": "fast",
                  "pass": true,
                  "fail": false,
                  "pending": false,
                  "context": null,
                  "code": "cy.get(`input#${id}`).should('exist').and('have.attr', 'placeholder', placeholder);",
                  "err": {},
                  "uuid": "496db0c6-e9dd-4840-9db1-64fb87b0f80b",
                  "parentUUID": "84ba9bff-c2df-4118-bfe2-dbc77d26e5f6",
                  "isHook": false,
                  "skipped": false
                }
              ],
              "suites": [],
              "passes": [
                "943e5d5a-7711-4bd9-987b-2c540bd5c897",
                "12359132-fe0f-4cec-9ff7-2833680b05b7",
                "496db0c6-e9dd-4840-9db1-64fb87b0f80b"
              ],
              "failures": [],
              "pending": [],
              "skipped": [],
              "duration": 761,
              "root": false,
              "rootEmpty": false,
              "_timeout": 2000
            },
            {
              "uuid": "74f8f58c-f835-4b22-8e33-b2862f84cba4",
              "title": "9 - Acrescente ao formulário um select com o id `house` contendo as opções `Gitnória`, `Reactpuff`, `Corvinode` e `Pytherina`",
              "fullFile": "",
              "file": "",
              "beforeHooks": [],
              "afterHooks": [],
              "tests": [
                {
                  "title": "Existe uma option com text e value igual a \"Gitnória\" e id igual a \"gitnoria-house\"",
                  "fullTitle": "Trybewarts 9 - Acrescente ao formulário um select com o id `house` contendo as opções `Gitnória`, `Reactpuff`, `Corvinode` e `Pytherina` Existe uma option com text e value igual a \"Gitnória\" e id igual a \"gitnoria-house\"",
                  "timedOut": null,
                  "duration": 233,
                  "state": "passed",
                  "speed": "fast",
                  "pass": true,
                  "fail": false,
                  "pending": false,
                  "context": null,
                  "code": "cy.get(`${HOUSES_SELECTOR} option#${id}`).then(option => {\n  expect(option).to.have.text(name);\n  expect(option).to.have.value(name);\n});",
                  "err": {},
                  "uuid": "84f4aff9-e96b-49a4-aeb8-7ed859b0bb96",
                  "parentUUID": "74f8f58c-f835-4b22-8e33-b2862f84cba4",
                  "isHook": false,
                  "skipped": false
                },
                {
                  "title": "Existe uma option com text e value igual a \"Reactpuff\" e id igual a \"reactpuff-house\"",
                  "fullTitle": "Trybewarts 9 - Acrescente ao formulário um select com o id `house` contendo as opções `Gitnória`, `Reactpuff`, `Corvinode` e `Pytherina` Existe uma option com text e value igual a \"Reactpuff\" e id igual a \"reactpuff-house\"",
                  "timedOut": null,
                  "duration": 371,
                  "state": "passed",
                  "speed": "fast",
                  "pass": true,
                  "fail": false,
                  "pending": false,
                  "context": null,
                  "code": "cy.get(`${HOUSES_SELECTOR} option#${id}`).then(option => {\n  expect(option).to.have.text(name);\n  expect(option).to.have.value(name);\n});",
                  "err": {},
                  "uuid": "a5fdfe14-dd7c-4e5c-b2fb-adcf756e6139",
                  "parentUUID": "74f8f58c-f835-4b22-8e33-b2862f84cba4",
                  "isHook": false,
                  "skipped": false
                },
                {
                  "title": "Existe uma option com text e value igual a \"Corvinode\" e id igual a \"corvinode-house\"",
                  "fullTitle": "Trybewarts 9 - Acrescente ao formulário um select com o id `house` contendo as opções `Gitnória`, `Reactpuff`, `Corvinode` e `Pytherina` Existe uma option com text e value igual a \"Corvinode\" e id igual a \"corvinode-house\"",
                  "timedOut": null,
                  "duration": 272,
                  "state": "passed",
                  "speed": "fast",
                  "pass": true,
                  "fail": false,
                  "pending": false,
                  "context": null,
                  "code": "cy.get(`${HOUSES_SELECTOR} option#${id}`).then(option => {\n  expect(option).to.have.text(name);\n  expect(option).to.have.value(name);\n});",
                  "err": {},
                  "uuid": "7c25bd0b-34d8-462d-be9d-41fc60409940",
                  "parentUUID": "74f8f58c-f835-4b22-8e33-b2862f84cba4",
                  "isHook": false,
                  "skipped": false
                },
                {
                  "title": "Existe uma option com text e value igual a \"Pytherina\" e id igual a \"pytherina-house\"",
                  "fullTitle": "Trybewarts 9 - Acrescente ao formulário um select com o id `house` contendo as opções `Gitnória`, `Reactpuff`, `Corvinode` e `Pytherina` Existe uma option com text e value igual a \"Pytherina\" e id igual a \"pytherina-house\"",
                  "timedOut": null,
                  "duration": 282,
                  "state": "passed",
                  "speed": "fast",
                  "pass": true,
                  "fail": false,
                  "pending": false,
                  "context": null,
                  "code": "cy.get(`${HOUSES_SELECTOR} option#${id}`).then(option => {\n  expect(option).to.have.text(name);\n  expect(option).to.have.value(name);\n});",
                  "err": {},
                  "uuid": "8e0513b3-1c29-4c81-87e7-8b0501fdf019",
                  "parentUUID": "74f8f58c-f835-4b22-8e33-b2862f84cba4",
                  "isHook": false,
                  "skipped": false
                }
              ],
              "suites": [],
              "passes": [
                "84f4aff9-e96b-49a4-aeb8-7ed859b0bb96",
                "a5fdfe14-dd7c-4e5c-b2fb-adcf756e6139",
                "7c25bd0b-34d8-462d-be9d-41fc60409940",
                "8e0513b3-1c29-4c81-87e7-8b0501fdf019"
              ],
              "failures": [],
              "pending": [],
              "skipped": [],
              "duration": 1158,
              "root": false,
              "rootEmpty": false,
              "_timeout": 2000
            },
            {
              "uuid": "8f43a31b-ffbb-4604-b97e-02904bc7773e",
              "title": "10 - Posicione os campos de `Nome` e `Sobrenome` para que fiquem em linha",
              "fullFile": "",
              "file": "",
              "beforeHooks": [],
              "afterHooks": [],
              "tests": [
                {
                  "title": "O campo de \"Sobrenome\" está a direita do campo de \"Nome\"",
                  "fullTitle": "Trybewarts 10 - Posicione os campos de `Nome` e `Sobrenome` para que fiquem em linha O campo de \"Sobrenome\" está a direita do campo de \"Nome\"",
                  "timedOut": null,
                  "duration": 300,
                  "state": "passed",
                  "speed": "fast",
                  "pass": true,
                  "fail": false,
                  "pending": false,
                  "context": null,
                  "code": "cy.get(USER_LASTNAME_INPUT_SELECTOR).should('be.rightOf', USER_NAME_INPUT_SELECTOR);",
                  "err": {},
                  "uuid": "f3575b94-d679-4eb0-8d69-a1d1757215c0",
                  "parentUUID": "8f43a31b-ffbb-4604-b97e-02904bc7773e",
                  "isHook": false,
                  "skipped": false
                }
              ],
              "suites": [],
              "passes": [
                "f3575b94-d679-4eb0-8d69-a1d1757215c0"
              ],
              "failures": [],
              "pending": [],
              "skipped": [],
              "duration": 300,
              "root": false,
              "rootEmpty": false,
              "_timeout": 2000
            },
            {
              "uuid": "20b22262-0220-4a43-88a3-40eccc2c04c4",
              "title": "11 - Posicione os campos de `Email` e `Casa` para que fiquem em linha",
              "fullFile": "",
              "file": "",
              "beforeHooks": [],
              "afterHooks": [],
              "tests": [
                {
                  "title": "O select das casas está a direita do campo de \"Email\"",
                  "fullTitle": "Trybewarts 11 - Posicione os campos de `Email` e `Casa` para que fiquem em linha O select das casas está a direita do campo de \"Email\"",
                  "timedOut": null,
                  "duration": 478,
                  "state": "passed",
                  "speed": "fast",
                  "pass": true,
                  "fail": false,
                  "pending": false,
                  "context": null,
                  "code": "cy.get(HOUSES_SELECTOR).should('be.rightOf', USER_EMAIL_INPUT_SELECTOR);",
                  "err": {},
                  "uuid": "9fb9bff8-6e08-4c1c-9d12-c37b0374614e",
                  "parentUUID": "20b22262-0220-4a43-88a3-40eccc2c04c4",
                  "isHook": false,
                  "skipped": false
                }
              ],
              "suites": [],
              "passes": [
                "9fb9bff8-6e08-4c1c-9d12-c37b0374614e"
              ],
              "failures": [],
              "pending": [],
              "skipped": [],
              "duration": 478,
              "root": false,
              "rootEmpty": false,
              "_timeout": 2000
            },
            {
              "uuid": "337fcf17-9827-42a5-847b-eed1f853e3f6",
              "title": "12 - Acrescente ao formulário um campo de entrada para qual família a pessoa estudante se identifica",
              "fullFile": "",
              "file": "",
              "beforeHooks": [],
              "afterHooks": [],
              "tests": [
                {
                  "title": "Um elemento com o id \"label-family\" e o texto \"Qual sua família?\" deverá ser criado",
                  "fullTitle": "Trybewarts 12 - Acrescente ao formulário um campo de entrada para qual família a pessoa estudante se identifica Um elemento com o id \"label-family\" e o texto \"Qual sua família?\" deverá ser criado",
                  "timedOut": null,
                  "duration": 293,
                  "state": "passed",
                  "speed": "fast",
                  "pass": true,
                  "fail": false,
                  "pending": false,
                  "context": null,
                  "code": "cy.get(`${EVALUATION_FORM} #label-family`).should('have.text', LABEL_FAMILY_TEXT);",
                  "err": {},
                  "uuid": "462f6251-8493-4762-8b13-6d81882a2cfa",
                  "parentUUID": "337fcf17-9827-42a5-847b-eed1f853e3f6",
                  "isHook": false,
                  "skipped": false
                },
                {
                  "title": "Deverá haver um input do tipo radio, com value igual a \"Frontend\" e name igual a \"family\"",
                  "fullTitle": "Trybewarts 12 - Acrescente ao formulário um campo de entrada para qual família a pessoa estudante se identifica Deverá haver um input do tipo radio, com value igual a \"Frontend\" e name igual a \"family\"",
                  "timedOut": null,
                  "duration": 369,
                  "state": "passed",
                  "speed": "fast",
                  "pass": true,
                  "fail": false,
                  "pending": false,
                  "context": null,
                  "code": "cy.get(`input[value=${family}]`).should('exist').and('have.attr', 'type', 'radio').and('have.attr', 'name', 'family');",
                  "err": {},
                  "uuid": "aa25b333-11ac-4f1e-ae97-7f780f190492",
                  "parentUUID": "337fcf17-9827-42a5-847b-eed1f853e3f6",
                  "isHook": false,
                  "skipped": false
                },
                {
                  "title": "Deverá haver um input do tipo radio, com value igual a \"Backend\" e name igual a \"family\"",
                  "fullTitle": "Trybewarts 12 - Acrescente ao formulário um campo de entrada para qual família a pessoa estudante se identifica Deverá haver um input do tipo radio, com value igual a \"Backend\" e name igual a \"family\"",
                  "timedOut": null,
                  "duration": 231,
                  "state": "passed",
                  "speed": "fast",
                  "pass": true,
                  "fail": false,
                  "pending": false,
                  "context": null,
                  "code": "cy.get(`input[value=${family}]`).should('exist').and('have.attr', 'type', 'radio').and('have.attr', 'name', 'family');",
                  "err": {},
                  "uuid": "a23a59cd-a2ff-42b0-87af-d0a38083367b",
                  "parentUUID": "337fcf17-9827-42a5-847b-eed1f853e3f6",
                  "isHook": false,
                  "skipped": false
                },
                {
                  "title": "Deverá haver um input do tipo radio, com value igual a \"FullStack\" e name igual a \"family\"",
                  "fullTitle": "Trybewarts 12 - Acrescente ao formulário um campo de entrada para qual família a pessoa estudante se identifica Deverá haver um input do tipo radio, com value igual a \"FullStack\" e name igual a \"family\"",
                  "timedOut": null,
                  "duration": 232,
                  "state": "passed",
                  "speed": "fast",
                  "pass": true,
                  "fail": false,
                  "pending": false,
                  "context": null,
                  "code": "cy.get(`input[value=${family}]`).should('exist').and('have.attr', 'type', 'radio').and('have.attr', 'name', 'family');",
                  "err": {},
                  "uuid": "3c823b79-7da4-4ff7-bb6a-95cd807b7cab",
                  "parentUUID": "337fcf17-9827-42a5-847b-eed1f853e3f6",
                  "isHook": false,
                  "skipped": false
                },
                {
                  "title": "Posicione os radio buttons para ficar abaixo um do outro, na sequência \"Frontend\", \"Backend\" e \"Fullstack\"",
                  "fullTitle": "Trybewarts 12 - Acrescente ao formulário um campo de entrada para qual família a pessoa estudante se identifica Posicione os radio buttons para ficar abaixo um do outro, na sequência \"Frontend\", \"Backend\" e \"Fullstack\"",
                  "timedOut": null,
                  "duration": 247,
                  "state": "passed",
                  "speed": "fast",
                  "pass": true,
                  "fail": false,
                  "pending": false,
                  "context": null,
                  "code": "cy.get('input[value=\"Backend\"]').should('be.below', 'input[value=\"Frontend\"]');\ncy.get('input[value=\"FullStack\"]').should('be.below', 'input[value=\"Backend\"]');",
                  "err": {},
                  "uuid": "9803239b-c91d-4bc5-88a8-0b05bed94964",
                  "parentUUID": "337fcf17-9827-42a5-847b-eed1f853e3f6",
                  "isHook": false,
                  "skipped": false
                },
                {
                  "title": "Posicione os radio buttons abaixo do label com id \"label-family\"",
                  "fullTitle": "Trybewarts 12 - Acrescente ao formulário um campo de entrada para qual família a pessoa estudante se identifica Posicione os radio buttons abaixo do label com id \"label-family\"",
                  "timedOut": null,
                  "duration": 209,
                  "state": "passed",
                  "speed": "fast",
                  "pass": true,
                  "fail": false,
                  "pending": false,
                  "context": null,
                  "code": "FAMILIES.forEach(family => {\n  cy.get(`input[value=\"${family}\"]`).should('be.below', '#label-family');\n});",
                  "err": {},
                  "uuid": "06dcdaad-e0d1-4146-946f-b6ece23daf9f",
                  "parentUUID": "337fcf17-9827-42a5-847b-eed1f853e3f6",
                  "isHook": false,
                  "skipped": false
                }
              ],
              "suites": [],
              "passes": [
                "462f6251-8493-4762-8b13-6d81882a2cfa",
                "aa25b333-11ac-4f1e-ae97-7f780f190492",
                "a23a59cd-a2ff-42b0-87af-d0a38083367b",
                "3c823b79-7da4-4ff7-bb6a-95cd807b7cab",
                "9803239b-c91d-4bc5-88a8-0b05bed94964",
                "06dcdaad-e0d1-4146-946f-b6ece23daf9f"
              ],
              "failures": [],
              "pending": [],
              "skipped": [],
              "duration": 1581,
              "root": false,
              "rootEmpty": false,
              "_timeout": 2000
            },
            {
              "uuid": "5f1ec5f7-ce3c-4259-81e9-b31770c7e2f0",
              "title": "13 - Crie campos de entrada do tipo `checkbox` contendo seis opções",
              "fullFile": "",
              "file": "",
              "beforeHooks": [],
              "afterHooks": [],
              "tests": [
                {
                  "title": "Existe um elemento com o id \"label-content\" e o texto \"Qual conteúdo você está com mais vontade de aprender?\"",
                  "fullTitle": "Trybewarts 13 - Crie campos de entrada do tipo `checkbox` contendo seis opções Existe um elemento com o id \"label-content\" e o texto \"Qual conteúdo você está com mais vontade de aprender?\"",
                  "timedOut": null,
                  "duration": 206,
                  "state": "passed",
                  "speed": "fast",
                  "pass": true,
                  "fail": false,
                  "pending": false,
                  "context": null,
                  "code": "cy.get('#label-content').contains(LABEL_CONTENT_TEXT);",
                  "err": {},
                  "uuid": "7f5c5a33-9e9b-4422-8398-dd2ff3c86605",
                  "parentUUID": "5f1ec5f7-ce3c-4259-81e9-b31770c7e2f0",
                  "isHook": false,
                  "skipped": false
                },
                {
                  "title": "Existe uma checkbox com a classe \"subject\" e value igual a HoFs",
                  "fullTitle": "Trybewarts 13 - Crie campos de entrada do tipo `checkbox` contendo seis opções Existe uma checkbox com a classe \"subject\" e value igual a HoFs",
                  "timedOut": null,
                  "duration": 207,
                  "state": "passed",
                  "speed": "fast",
                  "pass": true,
                  "fail": false,
                  "pending": false,
                  "context": null,
                  "code": "cy.get(`${EVALUATION_FORM} input[value=${checkbox}]`).should('exist');",
                  "err": {},
                  "uuid": "980cced9-0503-4195-8381-f3a100c01974",
                  "parentUUID": "5f1ec5f7-ce3c-4259-81e9-b31770c7e2f0",
                  "isHook": false,
                  "skipped": false
                },
                {
                  "title": "Existe uma checkbox com a classe \"subject\" e value igual a Jest",
                  "fullTitle": "Trybewarts 13 - Crie campos de entrada do tipo `checkbox` contendo seis opções Existe uma checkbox com a classe \"subject\" e value igual a Jest",
                  "timedOut": null,
                  "duration": 189,
                  "state": "passed",
                  "speed": "fast",
                  "pass": true,
                  "fail": false,
                  "pending": false,
                  "context": null,
                  "code": "cy.get(`${EVALUATION_FORM} input[value=${checkbox}]`).should('exist');",
                  "err": {},
                  "uuid": "e50fc803-42d2-4710-8696-ae55cc51664e",
                  "parentUUID": "5f1ec5f7-ce3c-4259-81e9-b31770c7e2f0",
                  "isHook": false,
                  "skipped": false
                },
                {
                  "title": "Existe uma checkbox com a classe \"subject\" e value igual a Promises",
                  "fullTitle": "Trybewarts 13 - Crie campos de entrada do tipo `checkbox` contendo seis opções Existe uma checkbox com a classe \"subject\" e value igual a Promises",
                  "timedOut": null,
                  "duration": 204,
                  "state": "passed",
                  "speed": "fast",
                  "pass": true,
                  "fail": false,
                  "pending": false,
                  "context": null,
                  "code": "cy.get(`${EVALUATION_FORM} input[value=${checkbox}]`).should('exist');",
                  "err": {},
                  "uuid": "025d1da7-2e37-4557-88aa-ca11ffee4b93",
                  "parentUUID": "5f1ec5f7-ce3c-4259-81e9-b31770c7e2f0",
                  "isHook": false,
                  "skipped": false
                },
                {
                  "title": "Existe uma checkbox com a classe \"subject\" e value igual a React",
                  "fullTitle": "Trybewarts 13 - Crie campos de entrada do tipo `checkbox` contendo seis opções Existe uma checkbox com a classe \"subject\" e value igual a React",
                  "timedOut": null,
                  "duration": 223,
                  "state": "passed",
                  "speed": "fast",
                  "pass": true,
                  "fail": false,
                  "pending": false,
                  "context": null,
                  "code": "cy.get(`${EVALUATION_FORM} input[value=${checkbox}]`).should('exist');",
                  "err": {},
                  "uuid": "ce324720-0ff7-491a-960c-3287aeeda73e",
                  "parentUUID": "5f1ec5f7-ce3c-4259-81e9-b31770c7e2f0",
                  "isHook": false,
                  "skipped": false
                },
                {
                  "title": "Existe uma checkbox com a classe \"subject\" e value igual a SQL",
                  "fullTitle": "Trybewarts 13 - Crie campos de entrada do tipo `checkbox` contendo seis opções Existe uma checkbox com a classe \"subject\" e value igual a SQL",
                  "timedOut": null,
                  "duration": 195,
                  "state": "passed",
                  "speed": "fast",
                  "pass": true,
                  "fail": false,
                  "pending": false,
                  "context": null,
                  "code": "cy.get(`${EVALUATION_FORM} input[value=${checkbox}]`).should('exist');",
                  "err": {},
                  "uuid": "5a904f02-8f73-4f7c-aa66-b07655402eb2",
                  "parentUUID": "5f1ec5f7-ce3c-4259-81e9-b31770c7e2f0",
                  "isHook": false,
                  "skipped": false
                },
                {
                  "title": "Existe uma checkbox com a classe \"subject\" e value igual a Python",
                  "fullTitle": "Trybewarts 13 - Crie campos de entrada do tipo `checkbox` contendo seis opções Existe uma checkbox com a classe \"subject\" e value igual a Python",
                  "timedOut": null,
                  "duration": 251,
                  "state": "passed",
                  "speed": "fast",
                  "pass": true,
                  "fail": false,
                  "pending": false,
                  "context": null,
                  "code": "cy.get(`${EVALUATION_FORM} input[value=${checkbox}]`).should('exist');",
                  "err": {},
                  "uuid": "b178c981-c9d8-4fd5-ab35-67e2a81b93a4",
                  "parentUUID": "5f1ec5f7-ce3c-4259-81e9-b31770c7e2f0",
                  "isHook": false,
                  "skipped": false
                },
                {
                  "title": "As checkboxes estão posicionadas abaixo do label com id \"label-content\"",
                  "fullTitle": "Trybewarts 13 - Crie campos de entrada do tipo `checkbox` contendo seis opções As checkboxes estão posicionadas abaixo do label com id \"label-content\"",
                  "timedOut": null,
                  "duration": 223,
                  "state": "passed",
                  "speed": "fast",
                  "pass": true,
                  "fail": false,
                  "pending": false,
                  "context": null,
                  "code": "CHECKBOXES.forEach(checkbox => {\n  cy.get(`${EVALUATION_FORM} input[value=${checkbox}]`).should('be.below', `${EVALUATION_FORM} #label-content`);\n});",
                  "err": {},
                  "uuid": "61458e70-52da-4b76-8bb0-267dae3d5637",
                  "parentUUID": "5f1ec5f7-ce3c-4259-81e9-b31770c7e2f0",
                  "isHook": false,
                  "skipped": false
                }
              ],
              "suites": [],
              "passes": [
                "7f5c5a33-9e9b-4422-8398-dd2ff3c86605",
                "980cced9-0503-4195-8381-f3a100c01974",
                "e50fc803-42d2-4710-8696-ae55cc51664e",
                "025d1da7-2e37-4557-88aa-ca11ffee4b93",
                "ce324720-0ff7-491a-960c-3287aeeda73e",
                "5a904f02-8f73-4f7c-aa66-b07655402eb2",
                "b178c981-c9d8-4fd5-ab35-67e2a81b93a4",
                "61458e70-52da-4b76-8bb0-267dae3d5637"
              ],
              "failures": [],
              "pending": [],
              "skipped": [],
              "duration": 1698,
              "root": false,
              "rootEmpty": false,
              "_timeout": 2000
            },
            {
              "uuid": "ec520374-1d62-4fd2-9650-1bfc08784ee4",
              "title": "14 - Crie campo de entrada para avaliar de 1 a 10 o nível de satisfação com a Trybewarts",
              "fullFile": "",
              "file": "",
              "beforeHooks": [],
              "afterHooks": [],
              "tests": [
                {
                  "title": "Um elemento com o id label-rate e o texto \"Como você avalia a Trybewarts?\" deverá ser criado",
                  "fullTitle": "Trybewarts 14 - Crie campo de entrada para avaliar de 1 a 10 o nível de satisfação com a Trybewarts Um elemento com o id label-rate e o texto \"Como você avalia a Trybewarts?\" deverá ser criado",
                  "timedOut": null,
                  "duration": 222,
                  "state": "passed",
                  "speed": "fast",
                  "pass": true,
                  "fail": false,
                  "pending": false,
                  "context": null,
                  "code": "cy.get('#label-rate').contains(LABEL_RATE_TEXT);",
                  "err": {},
                  "uuid": "26f92b41-d0d9-4f76-8d85-f14190f7b1dc",
                  "parentUUID": "ec520374-1d62-4fd2-9650-1bfc08784ee4",
                  "isHook": false,
                  "skipped": false
                },
                {
                  "title": "O campo deve ser formado por dez radio buttons, contendo as opções de 1 a 10",
                  "fullTitle": "Trybewarts 14 - Crie campo de entrada para avaliar de 1 a 10 o nível de satisfação com a Trybewarts O campo deve ser formado por dez radio buttons, contendo as opções de 1 a 10",
                  "timedOut": null,
                  "duration": 211,
                  "state": "passed",
                  "speed": "fast",
                  "pass": true,
                  "fail": false,
                  "pending": false,
                  "context": null,
                  "code": "cy.get('input[name=\"rate\"]').its('length').should('be.gt', 9);",
                  "err": {},
                  "uuid": "cf397717-e2ce-48b1-ad05-dce565185a74",
                  "parentUUID": "ec520374-1d62-4fd2-9650-1bfc08784ee4",
                  "isHook": false,
                  "skipped": false
                }
              ],
              "suites": [],
              "passes": [
                "26f92b41-d0d9-4f76-8d85-f14190f7b1dc",
                "cf397717-e2ce-48b1-ad05-dce565185a74"
              ],
              "failures": [],
              "pending": [],
              "skipped": [],
              "duration": 433,
              "root": false,
              "rootEmpty": false,
              "_timeout": 2000
            },
            {
              "uuid": "e91eaede-ed87-4609-bcd2-638c178fea83",
              "title": "15 - Crie uma textarea com o id `textarea` e uma label com a classe `textarea` contendo o número máximo de caracteres igual à 500",
              "fullFile": "",
              "file": "",
              "beforeHooks": [],
              "afterHooks": [],
              "tests": [
                {
                  "title": "Uma label com a classe textarea e o texto \"Deixe seu comentário:\" deverá ser criado\" ",
                  "fullTitle": "Trybewarts 15 - Crie uma textarea com o id `textarea` e uma label com a classe `textarea` contendo o número máximo de caracteres igual à 500 Uma label com a classe textarea e o texto \"Deixe seu comentário:\" deverá ser criado\" ",
                  "timedOut": null,
                  "duration": 211,
                  "state": "passed",
                  "speed": "fast",
                  "pass": true,
                  "fail": false,
                  "pending": false,
                  "context": null,
                  "code": "cy.get('.textarea').contains(LABEL_TEXTAREA);",
                  "err": {},
                  "uuid": "d601d74d-404b-4ad9-bffb-7bccc87976cb",
                  "parentUUID": "e91eaede-ed87-4609-bcd2-638c178fea83",
                  "isHook": false,
                  "skipped": false
                },
                {
                  "title": "O campo textarea deverá ter o máximo de 500 caracteres",
                  "fullTitle": "Trybewarts 15 - Crie uma textarea com o id `textarea` e uma label com a classe `textarea` contendo o número máximo de caracteres igual à 500 O campo textarea deverá ter o máximo de 500 caracteres",
                  "timedOut": null,
                  "duration": 11159,
                  "state": "passed",
                  "speed": "slow",
                  "pass": true,
                  "fail": false,
                  "pending": false,
                  "context": null,
                  "code": "cy.get('textarea').type('text'.repeat(200));\ncy.get('textarea').invoke('val').should(value => {\n  expect(value).to.match(/^[a-z]{500}$/);\n});",
                  "err": {},
                  "uuid": "01497765-f798-4784-ae29-050b953d0fd7",
                  "parentUUID": "e91eaede-ed87-4609-bcd2-638c178fea83",
                  "isHook": false,
                  "skipped": false
                }
              ],
              "suites": [],
              "passes": [
                "d601d74d-404b-4ad9-bffb-7bccc87976cb",
                "01497765-f798-4784-ae29-050b953d0fd7"
              ],
              "failures": [],
              "pending": [],
              "skipped": [],
              "duration": 11370,
              "root": false,
              "rootEmpty": false,
              "_timeout": 2000
            },
            {
              "uuid": "f86840eb-87fd-4ec2-b976-180d77838559",
              "title": "16 - Crie um campo de entrada do tipo `checkbox` com o id `agreement` para validar as informações",
              "fullFile": "",
              "file": "",
              "beforeHooks": [],
              "afterHooks": [],
              "tests": [
                {
                  "title": "Uma label com o id \"label-infos\" deve possuir o texto \"Você concorda com o uso das informações acima?\"",
                  "fullTitle": "Trybewarts 16 - Crie um campo de entrada do tipo `checkbox` com o id `agreement` para validar as informações Uma label com o id \"label-infos\" deve possuir o texto \"Você concorda com o uso das informações acima?\"",
                  "timedOut": null,
                  "duration": 286,
                  "state": "passed",
                  "speed": "fast",
                  "pass": true,
                  "fail": false,
                  "pending": false,
                  "context": null,
                  "code": "cy.get('label#label-infos').should('exist').contains('Você concorda com o uso das informações acima?');",
                  "err": {},
                  "uuid": "9a54d4cd-2d0a-4312-87f6-14daaa3490e0",
                  "parentUUID": "f86840eb-87fd-4ec2-b976-180d77838559",
                  "isHook": false,
                  "skipped": false
                },
                {
                  "title": "Um input do tipo checkbox deve existir e deve possuir o id \"agreement\"",
                  "fullTitle": "Trybewarts 16 - Crie um campo de entrada do tipo `checkbox` com o id `agreement` para validar as informações Um input do tipo checkbox deve existir e deve possuir o id \"agreement\"",
                  "timedOut": null,
                  "duration": 286,
                  "state": "passed",
                  "speed": "fast",
                  "pass": true,
                  "fail": false,
                  "pending": false,
                  "context": null,
                  "code": "cy.get('input#agreement[type=\"checkbox\"]').should('exist');",
                  "err": {},
                  "uuid": "6ee806ce-2724-4c44-87b7-7d5c6aee5fc3",
                  "parentUUID": "f86840eb-87fd-4ec2-b976-180d77838559",
                  "isHook": false,
                  "skipped": false
                }
              ],
              "suites": [],
              "passes": [
                "9a54d4cd-2d0a-4312-87f6-14daaa3490e0",
                "6ee806ce-2724-4c44-87b7-7d5c6aee5fc3"
              ],
              "failures": [],
              "pending": [],
              "skipped": [],
              "duration": 572,
              "root": false,
              "rootEmpty": false,
              "_timeout": 2000
            },
            {
              "uuid": "dfe86c56-ddf2-4d2e-a97c-b7f31dafd8e6",
              "title": "17 - Crie um botão de Enviar para submeter o formulário",
              "fullFile": "",
              "file": "",
              "beforeHooks": [],
              "afterHooks": [],
              "tests": [
                {
                  "title": "Deve existir um botão com o id \"submit-btn\" e o texto \"Enviar\"",
                  "fullTitle": "Trybewarts 17 - Crie um botão de Enviar para submeter o formulário Deve existir um botão com o id \"submit-btn\" e o texto \"Enviar\"",
                  "timedOut": null,
                  "duration": 276,
                  "state": "passed",
                  "speed": "fast",
                  "pass": true,
                  "fail": false,
                  "pending": false,
                  "context": null,
                  "code": "cy.get('button#submit-btn[type=\"submit\"]').should('exist').should('have.text', 'Enviar');",
                  "err": {},
                  "uuid": "bff29ad0-aeb6-43d7-99c7-30ca4c14da7d",
                  "parentUUID": "dfe86c56-ddf2-4d2e-a97c-b7f31dafd8e6",
                  "isHook": false,
                  "skipped": false
                }
              ],
              "suites": [],
              "passes": [
                "bff29ad0-aeb6-43d7-99c7-30ca4c14da7d"
              ],
              "failures": [],
              "pending": [],
              "skipped": [],
              "duration": 276,
              "root": false,
              "rootEmpty": false,
              "_timeout": 2000
            },
            {
              "uuid": "556d423f-9526-4c07-b5eb-9b6b0294b7a6",
              "title": "18 - Faça com que o botão `Enviar` seja habilitado somente após a checkbox do requisito 16 ser selecionada",
              "fullFile": "",
              "file": "",
              "beforeHooks": [],
              "afterHooks": [],
              "tests": [
                {
                  "title": "O botão deve inicialmente estar desabilitado",
                  "fullTitle": "Trybewarts 18 - Faça com que o botão `Enviar` seja habilitado somente após a checkbox do requisito 16 ser selecionada O botão deve inicialmente estar desabilitado",
                  "timedOut": null,
                  "duration": 286,
                  "state": "passed",
                  "speed": "fast",
                  "pass": true,
                  "fail": false,
                  "pending": false,
                  "context": null,
                  "code": "cy.get('button#submit-btn').should('be.disabled');",
                  "err": {},
                  "uuid": "e21078b8-3e43-4ef1-b076-00e260d82205",
                  "parentUUID": "556d423f-9526-4c07-b5eb-9b6b0294b7a6",
                  "isHook": false,
                  "skipped": false
                },
                {
                  "title": "Ao marcar o campo de confirmação, o botão de Enviar deve ser habilitado",
                  "fullTitle": "Trybewarts 18 - Faça com que o botão `Enviar` seja habilitado somente após a checkbox do requisito 16 ser selecionada Ao marcar o campo de confirmação, o botão de Enviar deve ser habilitado",
                  "timedOut": null,
                  "duration": 329,
                  "state": "passed",
                  "speed": "fast",
                  "pass": true,
                  "fail": false,
                  "pending": false,
                  "context": null,
                  "code": "cy.get('input#agreement').check();\ncy.get('button#submit-btn').should('not.be.disabled');",
                  "err": {},
                  "uuid": "8b3ea185-52ee-4309-a058-d469c477ba64",
                  "parentUUID": "556d423f-9526-4c07-b5eb-9b6b0294b7a6",
                  "isHook": false,
                  "skipped": false
                }
              ],
              "suites": [],
              "passes": [
                "e21078b8-3e43-4ef1-b076-00e260d82205",
                "8b3ea185-52ee-4309-a058-d469c477ba64"
              ],
              "failures": [],
              "pending": [],
              "skipped": [],
              "duration": 615,
              "root": false,
              "rootEmpty": false,
              "_timeout": 2000
            },
            {
              "uuid": "feae71cb-70ce-4393-956a-d118485efcff",
              "title": "19 - Crie um rodapé no final da página",
              "fullFile": "",
              "file": "",
              "beforeHooks": [],
              "afterHooks": [],
              "tests": [
                {
                  "title": "O rodapé deve conter o texto \"Direitos reservados à Trybewarts©\"",
                  "fullTitle": "Trybewarts 19 - Crie um rodapé no final da página O rodapé deve conter o texto \"Direitos reservados à Trybewarts©\"",
                  "timedOut": null,
                  "duration": 329,
                  "state": "passed",
                  "speed": "fast",
                  "pass": true,
                  "fail": false,
                  "pending": false,
                  "context": null,
                  "code": "cy.get('footer').should('exist').contains('Direitos reservados à Trybewarts©');",
                  "err": {},
                  "uuid": "efa84d09-9d15-4b7a-bdc4-80be1005de89",
                  "parentUUID": "feae71cb-70ce-4393-956a-d118485efcff",
                  "isHook": false,
                  "skipped": false
                }
              ],
              "suites": [],
              "passes": [
                "efa84d09-9d15-4b7a-bdc4-80be1005de89"
              ],
              "failures": [],
              "pending": [],
              "skipped": [],
              "duration": 329,
              "root": false,
              "rootEmpty": false,
              "_timeout": 2000
            },
            {
              "uuid": "c2381c80-9829-4dc0-aa72-283029f55748",
              "title": "20 - Crie um contador com o ID `counter` contendo o número de caracteres disponíveis no textarea, variando de 500 até 0, que deverá ser atualizado a medida que algo for digitado na textarea",
              "fullFile": "",
              "file": "",
              "beforeHooks": [],
              "afterHooks": [],
              "tests": [
                {
                  "title": "Deve existir um contador com o ID \"counter\"",
                  "fullTitle": "Trybewarts 20 - Crie um contador com o ID `counter` contendo o número de caracteres disponíveis no textarea, variando de 500 até 0, que deverá ser atualizado a medida que algo for digitado na textarea Deve existir um contador com o ID \"counter\"",
                  "timedOut": null,
                  "duration": 10294,
                  "state": "failed",
                  "speed": null,
                  "pass": false,
                  "fail": true,
                  "pending": false,
                  "context": null,
                  "code": "cy.get('#counter').should('exist');",
                  "err": {
                    "message": "AssertionError: Timed out retrying after 10000ms: Expected to find element: `#counter`, but never found it.",
                    "estack": "AssertionError: Timed out retrying after 10000ms: Expected to find element: `#counter`, but never found it.\n    at Context.eval (http://localhost:40701/__cypress/tests?p=cypress/integration/project.spec.js:366:26)",
                    "diff": null
                  },
                  "uuid": "3c4112a6-8c8e-412c-b590-556713749f40",
                  "parentUUID": "c2381c80-9829-4dc0-aa72-283029f55748",
                  "isHook": false,
                  "skipped": false
                },
                {
                  "title": "O contador de caracteres deve ser atualizado conforme o conteúdo do textarea muda.",
                  "fullTitle": "Trybewarts 20 - Crie um contador com o ID `counter` contendo o número de caracteres disponíveis no textarea, variando de 500 até 0, que deverá ser atualizado a medida que algo for digitado na textarea O contador de caracteres deve ser atualizado conforme o conteúdo do textarea muda.",
                  "timedOut": null,
                  "duration": 10232,
                  "state": "failed",
                  "speed": null,
                  "pass": false,
                  "fail": true,
                  "pending": false,
                  "context": null,
                  "code": "cy.get('#counter').contains('500');\ncy.get('#textarea').type('Salve salve família');\ncy.get('#counter').contains('481');\ncy.get('#textarea').clear();\ncy.get('#counter').should('contain', '500');\ncy.get('#textarea').type('Salve salve');\ncy.get('#counter').should('contain', '489');",
                  "err": {
                    "message": "AssertionError: Timed out retrying after 10000ms: Expected to find element: `#counter`, but never found it.",
                    "estack": "AssertionError: Timed out retrying after 10000ms: Expected to find element: `#counter`, but never found it.\n    at Context.eval (http://localhost:40701/__cypress/tests?p=cypress/integration/project.spec.js:369:10)",
                    "diff": null
                  },
                  "uuid": "525f5071-fbd7-40d8-994f-3d9835652636",
                  "parentUUID": "c2381c80-9829-4dc0-aa72-283029f55748",
                  "isHook": false,
                  "skipped": false
                }
              ],
              "suites": [],
              "passes": [],
              "failures": [
                "3c4112a6-8c8e-412c-b590-556713749f40",
                "525f5071-fbd7-40d8-994f-3d9835652636"
              ],
              "pending": [],
              "skipped": [],
              "duration": 20526,
              "root": false,
              "rootEmpty": false,
              "_timeout": 2000
            },
            {
              "uuid": "bdfefd54-07aa-4f7b-a342-d9341005ef9e",
              "title": "21 - Faça com que ao clicar no botão `Enviar`, o conteúdo do formulário seja substituído pelas informações preenchidas",
              "fullFile": "",
              "file": "",
              "beforeHooks": [],
              "afterHooks": [],
              "tests": [
                {
                  "title": "Deve haver um texto no modelo \"Nome: John Doe\" (substitua John Doe pelo nome e sobrenome preenchido no formulário)",
                  "fullTitle": "Trybewarts 21 - Faça com que ao clicar no botão `Enviar`, o conteúdo do formulário seja substituído pelas informações preenchidas Deve haver um texto no modelo \"Nome: John Doe\" (substitua John Doe pelo nome e sobrenome preenchido no formulário)",
                  "timedOut": null,
                  "duration": 11520,
                  "state": "failed",
                  "speed": null,
                  "pass": false,
                  "fail": true,
                  "pending": false,
                  "context": null,
                  "code": "cy.get('#form-data').contains(`Nome: ${firstName} ${lastName}`);",
                  "err": {
                    "message": "AssertionError: Timed out retrying after 10000ms: Expected to find element: `#textarea`, but never found it.\n\nBecause this error occurred during a `before each` hook we are skipping the remaining tests in the current suite: `21 - Faça com que ao clicar...`",
                    "estack": "AssertionError: Timed out retrying after 10000ms: Expected to find element: `#textarea`, but never found it.\n\nBecause this error occurred during a `before each` hook we are skipping the remaining tests in the current suite: `21 - Faça com que ao clicar...`\n    at fillForm (http://localhost:40701/__cypress/tests?p=cypress/integration/project.spec.js:422:10)\n    at Context.eval (http://localhost:40701/__cypress/tests?p=cypress/integration/project.spec.js:428:7)",
                    "diff": null
                  },
                  "uuid": "c86e074f-33d9-4c81-826d-ef70a48df9a7",
                  "parentUUID": "bdfefd54-07aa-4f7b-a342-d9341005ef9e",
                  "isHook": false,
                  "skipped": false
                },
                {
                  "title": "Deve haver um texto no modelo \"Email: alguem@email.com\"",
                  "fullTitle": "Trybewarts 21 - Faça com que ao clicar no botão `Enviar`, o conteúdo do formulário seja substituído pelas informações preenchidas Deve haver um texto no modelo \"Email: alguem@email.com\"",
                  "timedOut": null,
                  "duration": 0,
                  "state": "skipped",
                  "speed": null,
                  "pass": false,
                  "fail": false,
                  "pending": false,
                  "context": null,
                  "code": "cy.get('#form-data').contains(`Email: ${email}`);",
                  "err": {},
                  "uuid": "dcf4f9d8-05c6-425c-89dc-a63d2c73435a",
                  "parentUUID": "bdfefd54-07aa-4f7b-a342-d9341005ef9e",
                  "isHook": false,
                  "skipped": true
                },
                {
                  "title": "Deve haver um texto no modelo \"Casa: -Casa marcada-\"",
                  "fullTitle": "Trybewarts 21 - Faça com que ao clicar no botão `Enviar`, o conteúdo do formulário seja substituído pelas informações preenchidas Deve haver um texto no modelo \"Casa: -Casa marcada-\"",
                  "timedOut": null,
                  "duration": 0,
                  "state": "skipped",
                  "speed": null,
                  "pass": false,
                  "fail": false,
                  "pending": false,
                  "context": null,
                  "code": "cy.get('#form-data').contains(`Casa: ${house}`);",
                  "err": {},
                  "uuid": "e553defe-2e5d-400e-bcbd-b4f4cf250839",
                  "parentUUID": "bdfefd54-07aa-4f7b-a342-d9341005ef9e",
                  "isHook": false,
                  "skipped": true
                },
                {
                  "title": "Deve haver um texto no modelo \"Família: -Família marcada-\"",
                  "fullTitle": "Trybewarts 21 - Faça com que ao clicar no botão `Enviar`, o conteúdo do formulário seja substituído pelas informações preenchidas Deve haver um texto no modelo \"Família: -Família marcada-\"",
                  "timedOut": null,
                  "duration": 0,
                  "state": "skipped",
                  "speed": null,
                  "pass": false,
                  "fail": false,
                  "pending": false,
                  "context": null,
                  "code": "cy.get('#form-data').contains(`Família: ${family}`);",
                  "err": {},
                  "uuid": "542066c3-b344-4c38-97fa-95aa91673fa7",
                  "parentUUID": "bdfefd54-07aa-4f7b-a342-d9341005ef9e",
                  "isHook": false,
                  "skipped": true
                },
                {
                  "title": "Deve haver um texto no modelo \"Matérias: -Matérias marcadas-\"",
                  "fullTitle": "Trybewarts 21 - Faça com que ao clicar no botão `Enviar`, o conteúdo do formulário seja substituído pelas informações preenchidas Deve haver um texto no modelo \"Matérias: -Matérias marcadas-\"",
                  "timedOut": null,
                  "duration": 0,
                  "state": "skipped",
                  "speed": null,
                  "pass": false,
                  "fail": false,
                  "pending": false,
                  "context": null,
                  "code": "cy.get('#form-data').contains('Matérias: Jest, React, SQL');",
                  "err": {},
                  "uuid": "22406d25-b850-48a3-9755-ebf0d52a63ba",
                  "parentUUID": "bdfefd54-07aa-4f7b-a342-d9341005ef9e",
                  "isHook": false,
                  "skipped": true
                },
                {
                  "title": "Deve haver um texto no modelo \"Avaliação: -Nota marcada-\"",
                  "fullTitle": "Trybewarts 21 - Faça com que ao clicar no botão `Enviar`, o conteúdo do formulário seja substituído pelas informações preenchidas Deve haver um texto no modelo \"Avaliação: -Nota marcada-\"",
                  "timedOut": null,
                  "duration": 0,
                  "state": "skipped",
                  "speed": null,
                  "pass": false,
                  "fail": false,
                  "pending": false,
                  "context": null,
                  "code": "cy.get('#form-data').contains(`Avaliação: ${rate}`);",
                  "err": {},
                  "uuid": "389e480c-ce7a-45b3-b958-8af06d4f16cd",
                  "parentUUID": "bdfefd54-07aa-4f7b-a342-d9341005ef9e",
                  "isHook": false,
                  "skipped": true
                },
                {
                  "title": "Deve haver um texto no modelo \"Observações: -Texto preenchido-\"",
                  "fullTitle": "Trybewarts 21 - Faça com que ao clicar no botão `Enviar`, o conteúdo do formulário seja substituído pelas informações preenchidas Deve haver um texto no modelo \"Observações: -Texto preenchido-\"",
                  "timedOut": null,
                  "duration": 0,
                  "state": "skipped",
                  "speed": null,
                  "pass": false,
                  "fail": false,
                  "pending": false,
                  "context": null,
                  "code": "cy.get('#form-data').contains(`Observações: ${observation}`);",
                  "err": {},
                  "uuid": "19d282f7-8bdd-406a-a811-8678b92fdb59",
                  "parentUUID": "bdfefd54-07aa-4f7b-a342-d9341005ef9e",
                  "isHook": false,
                  "skipped": true
                },
                {
                  "title": "Ao enviar as informações, o formulário deve ser substituído pelas informações da pessoa usuária",
                  "fullTitle": "Trybewarts 21 - Faça com que ao clicar no botão `Enviar`, o conteúdo do formulário seja substituído pelas informações preenchidas Ao enviar as informações, o formulário deve ser substituído pelas informações da pessoa usuária",
                  "timedOut": null,
                  "duration": 0,
                  "state": "skipped",
                  "speed": null,
                  "pass": false,
                  "fail": false,
                  "pending": false,
                  "context": null,
                  "code": "cy.get('#evaluation-form').should('not.be.visible');",
                  "err": {},
                  "uuid": "581f3e4a-abab-4976-b90d-bfd6e2e97a07",
                  "parentUUID": "bdfefd54-07aa-4f7b-a342-d9341005ef9e",
                  "isHook": false,
                  "skipped": true
                }
              ],
              "suites": [],
              "passes": [],
              "failures": [
                "c86e074f-33d9-4c81-826d-ef70a48df9a7"
              ],
              "pending": [],
              "skipped": [
                "dcf4f9d8-05c6-425c-89dc-a63d2c73435a",
                "e553defe-2e5d-400e-bcbd-b4f4cf250839",
                "542066c3-b344-4c38-97fa-95aa91673fa7",
                "22406d25-b850-48a3-9755-ebf0d52a63ba",
                "389e480c-ce7a-45b3-b958-8af06d4f16cd",
                "19d282f7-8bdd-406a-a811-8678b92fdb59",
                "581f3e4a-abab-4976-b90d-bfd6e2e97a07"
              ],
              "duration": 11520,
              "root": false,
              "rootEmpty": false,
              "_timeout": 2000
            }
          ],
          "passes": [],
          "failures": [],
          "pending": [],
          "skipped": [],
          "duration": 0,
          "root": false,
          "rootEmpty": false,
          "_timeout": 2000
        }
      ],
      "passes": [],
      "failures": [],
      "pending": [],
      "skipped": [],
      "duration": 0,
      "root": true,
      "rootEmpty": true,
      "_timeout": 2000
    }
  ],
  "meta": {
    "mocha": {
      "version": "7.0.1"
    },
    "mochawesome": {
      "options": {
        "quiet": false,
        "reportFilename": "mochawesome",
        "saveHtml": false,
        "saveJson": true,
        "consoleReporter": "spec",
        "useInlineDiffs": false,
        "code": true
      },
      "version": "6.2.2"
    },
    "marge": {
      "options": {
        "id": "default",
        "reportDir": "cypress/reports",
        "overwrite": false,
        "html": false,
        "json": true
      },
      "version": "5.2.0"
    }
  }
}